# Домашнее задание к занятию «Индексы» Попов А.В.

### Задание 1

Напишите запрос к учебной базе данных, который вернёт процентное отношение общего размера всех индексов к общему размеру всех таблиц.

**Ответ:**



### Задание 2

Выполните explain analyze следующего запроса:
```sql
select distinct concat(c.last_name, ' ', c.first_name), sum(p.amount) over (partition by c.customer_id, f.title)
from payment p, rental r, customer c, inventory i, film f
where date(p.payment_date) = '2005-07-30' and p.payment_date = r.rental_date and r.customer_id = c.customer_id and i.inventory_id = r.inventory_id
```
- перечислите узкие места;
- оптимизируйте запрос: внесите корректировки по использованию операторов, при необходимости добавьте индексы.

**Ответ:**

```
-> Limit: 200 row(s) (cost=0..0 rows=0) (actual time=3829..3829 rows=200 loops=1)
-> Table scan on <temporary> (cost=2.5..2.5 rows=0) (actual time=3829..3829 rows=200 loops=1)
-> Temporary table with deduplication (cost=0..0 rows=0) (actual time=3829..3829 rows=391 loops=1)
-> Window aggregate with buffering: sum(payment.amount) OVER (PARTITION BY c.customer_id,f.title ) (actual time=1627..3700 rows=642000 loops=1)
-> Sort: c.customer_id, f.title (actual time=1627..1669 rows=642000 loops=1)
-> Stream results (cost=22.6e+6 rows=16.5e+6) (actual time=0.218..1183 rows=642000 loops=1)
-> Nested loop inner join (cost=22.6e+6 rows=16.5e+6) (actual time=0.214..1014 rows=642000 loops=1)
-> Nested loop inner join (cost=20.9e+6 rows=16.5e+6) (actual time=0.211..883 rows=642000 loops=1)
-> Nested loop inner join (cost=19.3e+6 rows=16.5e+6) (actual time=0.208..755 rows=642000 loops=1)
-> Inner hash join (no condition) (cost=1.65e+6 rows=16.5e+6) (actual time=0.197..32.8 rows=634000 loops=1)
-> Filter: (cast(p.payment_date as date) = '2005-07-30') (cost=1.72 rows=16500) (actual time=0.0188..4.47 rows=634 loops=1)
-> Table scan on p (cost=1.72 rows=16500) (actual time=0.0122..3.09 rows=16044 loops=1)
-> Hash
-> Covering index scan on f using idx_title (cost=112 rows=1000) (actual time=0.0218..0.131 rows=1000 loops=1)
-> Covering index lookup on r using rental_date (rental_date=p.payment_date) (cost=0.969 rows=1) (actual time=741e-6..0.00105 rows=1.01 loops=634000)
-> Single-row index lookup on c using PRIMARY (customer_id=r.customer_id) (cost=250e-6 rows=1) (actual time=94.9e-6..109e-6 rows=1 loops=642000)
-> Single-row covering index lookup on i using PRIMARY (inventory_id=r.inventory_id) (cost=250e-6 rows=1) (actual time=86.1e-6..100e-6 rows=1 loops=642000)
```

Узкие места: осуществляются запросы к множеству таблиц, не нужных для конечного результата запроса (например i.inventory_id,  r.rental_date, film f), особенно на определённую дату
Для оптимизации поправим запрос и создадим индекс по дате платежа.

```
SELECT CONCAT(c.last_name, ' ', c.first_name) as Клиент, SUM(p.amount) as Платеж
FROM customer c
JOIN rental r ON c.customer_id = r.customer_id 
JOIN payment p ON r.rental_date = p.payment_date 
JOIN inventory i on i.inventory_id = r.inventory_id 
WHERE date(p.payment_date) = '2005-07-30' and date(p.payment_date) < DATE_ADD('2005-07-30', INTERVAL 1 DAY)
GROUP BY c.customer_id;
```
